<?xml version="1.0" encoding="UTF-8"?>
<testsuite xmlns:xsi="http://www.w3.org/2001/XMLSchema-instance" xsi:noNamespaceSchemaLocation="https://maven.apache.org/surefire/maven-surefire-plugin/xsd/surefire-test-report-3.0.xsd" version="3.0" name="com.codeaudit.tools.EngineSmokeTest" time="0.409" tests="1" errors="0" skipped="0" failures="0">
  <properties>
[...]
</properties>
  <testcase name="testAllRulesHit" classname="com.codeaudit.tools.EngineSmokeTest" time="0.392">
    <system-out><![CDATA[16:06:33.074 [main] INFO com.codeaudit.engine.ReviewEngine -- [ENGINE] 已注册 21 个规则执行器: [commandInjectionScanner, emptyCatchDetector, floatEqualityDetector, hardcodedSecretScanner, structureChecker, sqlInjectionScanner, divideByZeroDetector, concurrentModDetector, nullPointerDetector, unsafeCastDetector, insecureCryptoScanner, sensitiveLogScanner, xssScanner, pathTraversalScanner, broadCatchDetector, conditionDetector, unsafeDeserializeScanner, namingChecker, infiniteLoopDetector, formatChecker, resourceLeakDetector]

========== 引擎冒烟测试结果 ==========
解析成功: true
发现问题总数: 42
耗时(ms):     250
按分类: {DEFECT=25, STYLE=3, SECURITY=14}
按级别: {ERROR=19, WARNING=10, CRITICAL=13}
按规则: {浮点等值比较=1, 捕获过宽异常=1, 空 catch 块=1, 条件恒为真=3, 遍历时修改集合=1, 条件恒为假=2, 不安全加密=2, 除零风险=1, 潜在死循环=1, 不安全类型转换=1, 路径遍历=2, 反序列化风险=2, XSS 风险=1, 类名大驼峰=1, 敏感信息日志=1, 常量全大写=1, 资源未关闭=1, 空指针风险=12, 命令注入=1, SQL 注入风险=1, 硬编码密码=4, 方法名小驼峰=1}
---------- 问题详情 ----------
  [ 1] L9   CRITICAL  SECURITY 硬编码密码
        检测到硬编码敏感信息（密码/密钥/Token）
  [ 2] L9   CRITICAL  SECURITY 硬编码密码
        检测到硬编码敏感信息（密码/密钥/Token）
  [ 3] L13  CRITICAL  SECURITY SQL 注入风险
        检测到 SQL 注入风险：使用字符串拼接构造 SQL 语句
  [ 4] L14  CRITICAL  SECURITY 路径遍历
        检测到路径遍历风险：未校验的用户输入直接用于文件路径构造 'new FileInputStream("data/" + u'
  [ 5] L15  CRITICAL  SECURITY 路径遍历
        检测到路径遍历风险：未校验的用户输入直接用于文件路径构造 'new File("/var/data/" + userInput'
  [ 6] L41  CRITICAL  SECURITY XSS 风险
        未转义的用户输入直接输出到页面，存在 XSS 风险
  [ 7] L42  CRITICAL  SECURITY 命令注入
        检测到命令注入风险：用户输入拼接到系统命令执行函数
  [ 8] L43  CRITICAL  SECURITY 硬编码密码
        检测到硬编码敏感信息（密码/密钥/Token）
  [ 9] L44  CRITICAL  SECURITY 不安全加密
        MD5 / SHA-1 已被证明存在碰撞攻击，不应用于密码哈希、签名、证书指纹等安全场景（MessageDigest.getInstance("MD5")）
  [10] L45  CRITICAL  SECURITY 不安全加密
        DES 密钥长度仅 56 位，可在数小时内暴力破解；ECB 模式会泄露明文结构（Cipher.getInstance("DES")）
  [11] L46  CRITICAL  SECURITY 反序列化风险
        Java 原生反序列化（ObjectInputStream.readObject）会执行类路径中任意类的 readObject / readResolve，存在反序列化 RCE 风险
  [12] L47  CRITICAL  SECURITY 反序列化风险
        Java 原生反序列化（ObjectInputStream.readObject）会执行类路径中任意类的 readObject / readResolve，存在反序列化 RCE 风险
  [13] L51  CRITICAL  SECURITY 硬编码密码
        检测到硬编码敏感信息（密码/密钥/Token）
  [14] L14  ERROR     DEFECT  资源未关闭
        资源 'FileInputStream' 在使用后未关闭，可能造成资源泄漏
  [15] L16  ERROR     DEFECT  条件恒为真
        while 条件恒为 true（true），分支体将永远执行
  [16] L16  ERROR     DEFECT  潜在死循环
        while(true) 循环体内未发现 break/return/throw 等终止语句，可能死循环
  [17] L17  ERROR     DEFECT  空指针风险
        变量 'System.out' 可能为 null，建议在使用前进行 null 判断或使用 Optional
  [18] L22  ERROR     DEFECT  空指针风险
        变量 'System.out' 可能为 null，建议在使用前进行 null 判断或使用 Optional
  [19] L22  ERROR     DEFECT  条件恒为真
        if 条件恒为 true（true），分支体将永远执行
  [20] L23  ERROR     DEFECT  空指针风险
        变量 'System.out' 可能为 null，建议在使用前进行 null 判断或使用 Optional
  [21] L24  ERROR     DEFECT  空指针风险
        变量 'System.out' 可能为 null，建议在使用前进行 null 判断或使用 Optional
  [22] L24  ERROR     DEFECT  条件恒为真
        if 条件 'input == input' 中操作数相同，结果恒为 true
  [23] L25  ERROR     DEFECT  空指针风险
        变量 'System.out' 可能为 null，建议在使用前进行 null 判断或使用 Optional
  [24] L27  ERROR     DEFECT  除零风险
        除法/取模 '1 / 0' 的除数为字面量 0，将抛出 ArithmeticException
  [25] L31  ERROR     DEFECT  空指针风险
        变量 'System.out' 可能为 null，建议在使用前进行 null 判断或使用 Optional
  [26] L34  ERROR     DEFECT  空指针风险
        变量 'Arrays' 可能为 null，建议在使用前进行 null 判断或使用 Optional
  [27] L35  ERROR     DEFECT  遍历时修改集合
        在 for-each 循环 'list' 中修改集合，可能抛出 ConcurrentModificationException
  [28] L39  ERROR     DEFECT  空指针风险
        变量 'p' 可能为 null，建议在使用前进行 null 判断或使用 Optional
  [29] L40  ERROR     DEFECT  空指针风险
        变量 'request' 可能为 null，建议在使用前进行 null 判断或使用 Optional
  [30] L43  ERROR     DEFECT  空指针风险
        变量 'log' 可能为 null，建议在使用前进行 null 判断或使用 Optional
  [31] L44  ERROR     DEFECT  空指针风险
        变量 'MessageDigest' 可能为 null，建议在使用前进行 null 判断或使用 Optional
  [32] L45  ERROR     DEFECT  空指针风险
        变量 'Cipher' 可能为 null，建议在使用前进行 null 判断或使用 Optional
  [33] L8   WARNING   STYLE   类名大驼峰
        类名 'demoService' 不符合大驼峰命名（UpperCamelCase）
  [34] L9   WARNING   STYLE   常量全大写
        常量名 'api_key' 应全大写+下划线分隔（UPPER_SNAKE_CASE）
  [35] L12  WARNING   STYLE   方法名小驼峰
        方法名 'findUser_bad' 不符合小驼峰命名（lowerCamelCase）
  [36] L23  WARNING   DEFECT  条件恒为假
        if 条件恒为 false（false），分支体永远不会执行
  [37] L25  WARNING   DEFECT  条件恒为假
        if 条件 'input != input' 中操作数相同，结果恒为 false
  [38] L28  WARNING   DEFECT  空 catch 块
        空的 catch 块会吞掉异常，不利于排查问题
  [39] L28  WARNING   DEFECT  捕获过宽异常
        捕获过宽的异常类型 Exception，无法精确处理不同错误
  [40] L31  WARNING   DEFECT  浮点等值比较
        使用 '==' 比较浮点数 'a == 1.0'，因 IEEE754 精度问题可能产生误判
  [41] L33  WARNING   DEFECT  不安全类型转换
        未经 instanceof 校验的强制类型转换 '(String) o'，可能抛出 ClassCastException
  [42] L43  WARNING   SECURITY 敏感信息日志
        日志/输出语句中可能打印敏感字段 'password'，存在敏感信息泄漏风险
====================================

  ✅  空指针风险
  ✅  资源未关闭
  ✅  空 catch 块
  ✅  捕获过宽异常
  ✅  条件恒为真
  ✅  条件恒为假
  ✅  潜在死循环
  ✅  不安全类型转换
  ✅  遍历时修改集合
  ✅  除零风险
  ✅  浮点等值比较
  ✅  SQL 注入风险
  ✅  硬编码密码
  ✅  XSS 风险
  ✅  命令注入
  ✅  路径遍历
  ✅  敏感信息日志
  ✅  不安全加密
  ✅  反序列化风险
]]></system-out>
  </testcase>
</testsuite>